<?xml version="1.0" encoding="UTF-8"?>
<!-- Generated by org.testng.reporters.JUnitReportReporter -->
<testsuite hostname="DESKTOP-23APAAD" failures="0" tests="1" name="com.hrm.testcases.TestCases" time="5.447" errors="0" timestamp="2021-12-30T15:30:00 IST" skipped="0">
  <testcase classname="com.hrm.testcases.TestCases" name="loginpage" time="5.447"/>
  <system-out/>
</testsuite> <!-- com.hrm.testcases.TestCases -->
