<?xml version="1.0" encoding="UTF-8"?>
<!-- Generated by org.testng.reporters.JUnitReportReporter -->
<testsuite skipped="0" hostname="DESKTOP-23APAAD" name="com.hrm.testcases.TestCases" tests="1" failures="0" timestamp="2021-12-30T12:57:10 IST" time="7.325" errors="0">
  <testcase name="loginpage" time="7.325" classname="com.hrm.testcases.TestCases"/>
  <system-out/>
</testsuite> <!-- com.hrm.testcases.TestCases -->
